<?xml version="1.0" encoding="UTF-8"?>
<testsuite xmlns:xsi="http://www.w3.org/2001/XMLSchema-instance" xsi:noNamespaceSchemaLocation="https://maven.apache.org/surefire/maven-surefire-plugin/xsd/surefire-test-report.xsd" name="com.yillint.admin.Junit5Test" time="0.063" tests="16" errors="1" skipped="2" failures="3">
  <properties>
[...]
</properties>
  <testcase name="testException" classname="com.yillint.admin.Junit5Test" time="0.003">
    <failure message="业务逻辑居然正常运行了？ ==&gt; Expected java.lang.ArithmeticException to be thrown, but nothing was thrown." type="org.opentest4j.AssertionFailedError">org.opentest4j.AssertionFailedError: 业务逻辑居然正常运行了？ ==> Expected java.lang.ArithmeticException to be thrown, but nothing was thrown.
	at com.yillint.admin.Junit5Test.testException(Junit5Test.java:82)
</failure>
    <system-out><![CDATA[2021-09-19 09:36:55.443  INFO 8920 --- [           main] .b.t.c.SpringBootTestContextBootstrapper : Neither @ContextConfiguration nor @ContextHierarchy found for test class [com.yillint.admin.Junit5Test], using SpringBootContextLoader
2021-09-19 09:36:55.444  INFO 8920 --- [           main] o.s.t.c.support.AbstractContextLoader    : Could not detect default resource locations for test class [com.yillint.admin.Junit5Test]: no resource found for suffixes {-context.xml, Context.groovy}.
2021-09-19 09:36:55.444  INFO 8920 --- [           main] t.c.s.AnnotationConfigContextLoaderUtils : Could not detect default configuration classes for test class [com.yillint.admin.Junit5Test]: Junit5Test does not declare any static, non-private, non-final, nested classes annotated with @Configuration.
2021-09-19 09:36:55.485  INFO 8920 --- [           main] .b.t.c.SpringBootTestContextBootstrapper : Found @SpringBootConfiguration com.yillint.admin.Boot05WebAdminApplication for test class com.yillint.admin.Junit5Test
2021-09-19 09:36:55.508  INFO 8920 --- [           main] .b.t.c.SpringBootTestContextBootstrapper : Loaded default TestExecutionListener class names from location [META-INF/spring.factories]: [org.springframework.boot.test.mock.mockito.MockitoTestExecutionListener, org.springframework.boot.test.mock.mockito.ResetMocksTestExecutionListener, org.springframework.boot.test.autoconfigure.restdocs.RestDocsTestExecutionListener, org.springframework.boot.test.autoconfigure.web.client.MockRestServiceServerResetTestExecutionListener, org.springframework.boot.test.autoconfigure.web.servlet.MockMvcPrintOnlyOnFailureTestExecutionListener, org.springframework.boot.test.autoconfigure.web.servlet.WebDriverTestExecutionListener, org.springframework.boot.test.autoconfigure.webservices.client.MockWebServiceServerTestExecutionListener, org.springframework.test.context.web.ServletTestExecutionListener, org.springframework.test.context.support.DirtiesContextBeforeModesTestExecutionListener, org.springframework.test.context.event.ApplicationEventsTestExecutionListener, org.springframework.test.context.support.DependencyInjectionTestExecutionListener, org.springframework.test.context.support.DirtiesContextTestExecutionListener, org.springframework.test.context.transaction.TransactionalTestExecutionListener, org.springframework.test.context.jdbc.SqlScriptsTestExecutionListener, org.springframework.test.context.event.EventPublishingTestExecutionListener]
2021-09-19 09:36:55.509  INFO 8920 --- [           main] .b.t.c.SpringBootTestContextBootstrapper : Using TestExecutionListeners: [org.springframework.test.context.web.ServletTestExecutionListener@6c2a95d5, org.springframework.test.context.support.DirtiesContextBeforeModesTestExecutionListener@24d8f87a, org.springframework.test.context.event.ApplicationEventsTestExecutionListener@3f048c86, org.springframework.boot.test.mock.mockito.MockitoTestExecutionListener@255d9277, org.springframework.boot.test.autoconfigure.SpringBootDependencyInjectionTestExecutionListener@1de13f34, org.springframework.test.context.support.DirtiesContextTestExecutionListener@7e191fda, org.springframework.test.context.transaction.TransactionalTestExecutionListener@6562cc23, org.springframework.test.context.jdbc.SqlScriptsTestExecutionListener@2ce524d2, org.springframework.test.context.event.EventPublishingTestExecutionListener@3869a6e5, org.springframework.boot.test.mock.mockito.ResetMocksTestExecutionListener@e3899fd, org.springframework.boot.test.autoconfigure.restdocs.RestDocsTestExecutionListener@7d484fcd, org.springframework.boot.test.autoconfigure.web.client.MockRestServiceServerResetTestExecutionListener@788e3702, org.springframework.boot.test.autoconfigure.web.servlet.MockMvcPrintOnlyOnFailureTestExecutionListener@d25e878, org.springframework.boot.test.autoconfigure.web.servlet.WebDriverTestExecutionListener@47187f50, org.springframework.boot.test.autoconfigure.webservices.client.MockWebServiceServerTestExecutionListener@78116659]
所有测就要开始了-----
测试就要开始了-----
测结束了-----
]]></system-out>
  </testcase>
  <testcase name="timeoutTest" classname="com.yillint.admin.Junit5Test" time="0.001"/>
  <testcase name="testTimeout" classname="com.yillint.admin.Junit5Test" time="0">
    <error message="testTimeout() timed out after 500 milliseconds" type="java.util.concurrent.TimeoutException">java.util.concurrent.TimeoutException: testTimeout() timed out after 500 milliseconds
</error>
    <system-out><![CDATA[测试就要开始了-----
测结束了-----
]]></system-out>
  </testcase>
  <testcase name="testFail" classname="com.yillint.admin.Junit5Test" time="0.003"/>
  <testcase name="all" classname="com.yillint.admin.Junit5Test" time="0.003">
    <failure message="test (1 failure)&#10;	org.opentest4j.AssertionFailedError: 结果不为1 ==&gt; expected: &lt;1&gt; but was: &lt;2&gt;" type="org.opentest4j.MultipleFailuresError"><![CDATA[org.opentest4j.MultipleFailuresError: 
test (1 failure)
	org.opentest4j.AssertionFailedError: 结果不为1 ==> expected: <1> but was: <2>
	at com.yillint.admin.Junit5Test.all(Junit5Test.java:71)
]]></failure>
    <system-out><![CDATA[测试就要开始了-----
测结束了-----
]]></system-out>
  </testcase>
  <testcase name="array" classname="com.yillint.admin.Junit5Test" time="0.001"/>
  <testcase name="test2" classname="com.yillint.admin.Junit5Test" time="0">
    <skipped message="void com.yillint.admin.Junit5Test.test2() is @Disabled"/>
  </testcase>
  <testcase name="test3" classname="com.yillint.admin.Junit5Test" time="0.004"/>
  <testcase name="test3[1]" classname="com.yillint.admin.Junit5Test" time="0.001"/>
  <testcase name="test3[2]" classname="com.yillint.admin.Junit5Test" time="0.001"/>
  <testcase name="test3[3]" classname="com.yillint.admin.Junit5Test" time="0.004"/>
  <testcase name="test3[4]" classname="com.yillint.admin.Junit5Test" time="0.001"/>
  <testcase name="test3[5]" classname="com.yillint.admin.Junit5Test" time="0.001"/>
  <testcase name="testassuptions" classname="com.yillint.admin.Junit5Test" time="0">
    <skipped message="Assumption failed: 结果不是true" type="org.opentest4j.TestAbortedException">org.opentest4j.TestAbortedException: Assumption failed: 结果不是true
	at com.yillint.admin.Junit5Test.testassuptions(Junit5Test.java:35)
</skipped>
    <system-out><![CDATA[测试就要开始了-----
测结束了-----
]]></system-out>
  </testcase>
  <testcase name="testDisplayName" classname="com.yillint.admin.Junit5Test" time="0"/>
  <testcase name="testSimpleAssertions" classname="com.yillint.admin.Junit5Test" time="0.001">
    <failure message="业务逻辑计算失败 ==&gt; expected: &lt;6&gt; but was: &lt;5&gt;" type="org.opentest4j.AssertionFailedError"><![CDATA[org.opentest4j.AssertionFailedError: 业务逻辑计算失败 ==> expected: <6> but was: <5>
	at com.yillint.admin.Junit5Test.testSimpleAssertions(Junit5Test.java:47)
]]></failure>
    <system-out><![CDATA[测试就要开始了-----
测结束了-----
]]></system-out>
  </testcase>
</testsuite>